                _._                                                  
           _.-``__ ''-._                                             
      _.-``    `.  `_.  ''-._           Redis 2.8.13 (00000000/0) 64 bit
  .-`` .-```.  ```\/    _.,_ ''-._                                   
 (    '      ,       .-`  | `,    )     Running in stand alone mode
 |`-._`-...-` __...-.``-._|'` _.-'|     Port: 6301
 |    `-._   `._    /     _.-'    |     PID: 2072
  `-._    `-._  `-./  _.-'    _.-'                                   
 |`-._`-._    `-.__.-'    _.-'_.-'|                                  
 |    `-._`-._        _.-'_.-'    |           http://redis.io        
  `-._    `-._`-.__.-'_.-'    _.-'                                   
 |`-._`-._    `-.__.-'    _.-'_.-'|                                  
 |    `-._`-._        _.-'_.-'    |                                  
  `-._    `-._`-.__.-'_.-'    _.-'                                   
      `-._    `-.__.-'    _.-'                                       
          `-._        _.-'                                           
              `-.__.-'                                               

[2072] 04 Sep 17:41:37.859 # Server started, Redis version 2.8.13
[2072] 04 Sep 17:41:37.859 # WARNING overcommit_memory is set to 0! Background save may fail under low memory condition. To fix this issue add 'vm.overcommit_memory = 1' to /etc/sysctl.conf and then reboot or run the command 'sysctl vm.overcommit_memory=1' for this to take effect.
[2072] 04 Sep 17:41:37.859 * The server is now ready to accept connections on port 6301
[2072] 10 Sep 14:40:30.885 # User requested shutdown...
[2072] 10 Sep 14:40:30.892 * Removing the pid file.
[2072] 10 Sep 14:40:30.892 # Redis is now ready to exit, bye bye...
                _._                                                  
           _.-``__ ''-._                                             
      _.-``    `.  `_.  ''-._           Redis 2.8.13 (00000000/0) 64 bit
  .-`` .-```.  ```\/    _.,_ ''-._                                   
 (    '      ,       .-`  | `,    )     Running in stand alone mode
 |`-._`-...-` __...-.``-._|'` _.-'|     Port: 6301
 |    `-._   `._    /     _.-'    |     PID: 14914
  `-._    `-._  `-./  _.-'    _.-'                                   
 |`-._`-._    `-.__.-'    _.-'_.-'|                                  
 |    `-._`-._        _.-'_.-'    |           http://redis.io        
  `-._    `-._`-.__.-'_.-'    _.-'                                   
 |`-._`-._    `-.__.-'    _.-'_.-'|                                  
 |    `-._`-._        _.-'_.-'    |                                  
  `-._    `-._`-.__.-'_.-'    _.-'                                   
      `-._    `-.__.-'    _.-'                                       
          `-._        _.-'                                           
              `-.__.-'                                               

[14914] 10 Sep 14:45:43.806 # Server started, Redis version 2.8.13
[14914] 10 Sep 14:45:43.807 # WARNING overcommit_memory is set to 0! Background save may fail under low memory condition. To fix this issue add 'vm.overcommit_memory = 1' to /etc/sysctl.conf and then reboot or run the command 'sysctl vm.overcommit_memory=1' for this to take effect.
[14914] 10 Sep 14:45:43.807 * The server is now ready to accept connections on port 6301
                _._                                                  
           _.-``__ ''-._                                             
      _.-``    `.  `_.  ''-._           Redis 2.8.13 (00000000/0) 64 bit
  .-`` .-```.  ```\/    _.,_ ''-._                                   
 (    '      ,       .-`  | `,    )     Running in stand alone mode
 |`-._`-...-` __...-.``-._|'` _.-'|     Port: 6311
 |    `-._   `._    /     _.-'    |     PID: 16630
  `-._    `-._  `-./  _.-'    _.-'                                   
 |`-._`-._    `-.__.-'    _.-'_.-'|                                  
 |    `-._`-._        _.-'_.-'    |           http://redis.io        
  `-._    `-._`-.__.-'_.-'    _.-'                                   
 |`-._`-._    `-.__.-'    _.-'_.-'|                                  
 |    `-._`-._        _.-'_.-'    |                                  
  `-._    `-._`-.__.-'_.-'    _.-'                                   
      `-._    `-.__.-'    _.-'                                       
          `-._        _.-'                                           
              `-.__.-'                                               

[16630] 10 Sep 15:23:30.855 # Server started, Redis version 2.8.13
[16630] 10 Sep 15:23:30.855 # WARNING overcommit_memory is set to 0! Background save may fail under low memory condition. To fix this issue add 'vm.overcommit_memory = 1' to /etc/sysctl.conf and then reboot or run the command 'sysctl vm.overcommit_memory=1' for this to take effect.
[16630] 10 Sep 15:23:30.855 * The server is now ready to accept connections on port 6311
[16630] 10 Sep 15:37:42.143 * Slave asks for synchronization
[16630] 10 Sep 15:37:42.143 * Full resync requested by slave.
[16630] 10 Sep 15:37:42.143 * Starting BGSAVE for SYNC
[16630] 10 Sep 15:37:42.143 * Background saving started by pid 17284
[17284] 10 Sep 15:37:42.155 * DB saved on disk
[17284] 10 Sep 15:37:42.155 * RDB: 6 MB of memory used by copy-on-write
[16630] 10 Sep 15:37:42.182 * Background saving terminated with success
[16630] 10 Sep 15:37:42.182 * Synchronization with slave succeeded
                _._                                                  
           _.-``__ ''-._                                             
      _.-``    `.  `_.  ''-._           Redis 2.8.13 (00000000/0) 64 bit
  .-`` .-```.  ```\/    _.,_ ''-._                                   
 (    '      ,       .-`  | `,    )     Running in stand alone mode
 |`-._`-...-` __...-.``-._|'` _.-'|     Port: 6311
 |    `-._   `._    /     _.-'    |     PID: 6517
  `-._    `-._  `-./  _.-'    _.-'                                   
 |`-._`-._    `-.__.-'    _.-'_.-'|                                  
 |    `-._`-._        _.-'_.-'    |           http://redis.io        
  `-._    `-._`-.__.-'_.-'    _.-'                                   
 |`-._`-._    `-.__.-'    _.-'_.-'|                                  
 |    `-._`-._        _.-'_.-'    |                                  
  `-._    `-._`-.__.-'_.-'    _.-'                                   
      `-._    `-.__.-'    _.-'                                       
          `-._        _.-'                                           
              `-.__.-'                                               

[6517] 26 Sep 15:35:43.529 # Server started, Redis version 2.8.13
[6517] 26 Sep 15:35:43.529 # WARNING overcommit_memory is set to 0! Background save may fail under low memory condition. To fix this issue add 'vm.overcommit_memory = 1' to /etc/sysctl.conf and then reboot or run the command 'sysctl vm.overcommit_memory=1' for this to take effect.
[6517] 26 Sep 15:35:43.529 * DB loaded from disk: 0.000 seconds
[6517] 26 Sep 15:35:43.529 * The server is now ready to accept connections on port 6311
[6517] 26 Sep 15:35:47.453 * Slave asks for synchronization
[6517] 26 Sep 15:35:47.453 * Full resync requested by slave.
[6517] 26 Sep 15:35:47.453 * Starting BGSAVE for SYNC
[6517] 26 Sep 15:35:47.454 * Background saving started by pid 6524
[6524] 26 Sep 15:35:47.463 * DB saved on disk
[6524] 26 Sep 15:35:47.464 * RDB: 6 MB of memory used by copy-on-write
[6517] 26 Sep 15:35:47.534 * Background saving terminated with success
[6517] 26 Sep 15:35:47.534 * Synchronization with slave succeeded
